<?xml version="1.0" encoding="UTF-8"?>
<!-- Generated by org.testng.reporters.JUnitReportReporter -->
<testsuite hostname="DESKTOP-P9ICOFD" name="com.selenium.SampleSelenium.TC_Class1" tests="3" failures="0" timestamp="26 Jun 2020 05:32:09 GMT" time="0.370" errors="0">
  <testcase name="tc01LaunchURL" time="0.032" classname="com.selenium.SampleSelenium.TC_Class1"/>
  <testcase name="tc04VerifyLoggedInPage" time="0.322" classname="com.selenium.SampleSelenium.TC_Class1"/>
  <testcase name="tc03EnterCredentials" time="0.016" classname="com.selenium.SampleSelenium.TC_Class1"/>
</testsuite> <!-- com.selenium.SampleSelenium.TC_Class1 -->
