<?xml version="1.0" encoding="UTF-8"?>
<!-- Generated by org.testng.reporters.JUnitReportReporter -->
<testsuite hostname="DESKTOP-P9ICOFD" name="com.selenium.SampleSelenium.SeleniumLocatorById" tests="1" failures="0" timestamp="26 Jun 2020 04:40:08 GMT" time="17.668" errors="0">
  <testcase name="verifySeleniumLocatorById" time="17.668" classname="com.selenium.SampleSelenium.SeleniumLocatorById"/>
</testsuite> <!-- com.selenium.SampleSelenium.SeleniumLocatorById -->
