<?xml version="1.0" encoding="UTF-8"?>
<!-- Generated by org.testng.reporters.JUnitReportReporter -->
<testsuite hostname="DESKTOP-P9ICOFD" name="com.selenium.SampleSelenium.GridTest" tests="1" failures="0" timestamp="27 Jun 2020 05:02:51 GMT" time="6.610" errors="0">
  <testcase name="simpleTest" time="6.610" classname="com.selenium.SampleSelenium.GridTest"/>
</testsuite> <!-- com.selenium.SampleSelenium.GridTest -->
