<?xml version="1.0" encoding="UTF-8"?>
<!-- Generated by org.testng.reporters.JUnitReportReporter -->
<testsuite hostname="DESKTOP-P9ICOFD" name="com.selenium.SampleSelenium.SampleSelGoogleTest2" tests="1" failures="0" timestamp="11 Jul 2020 18:06:16 GMT" time="2.838" errors="0">
  <testcase name="simpleTest" time="2.838" classname="com.selenium.SampleSelenium.SampleSelGoogleTest2"/>
</testsuite> <!-- com.selenium.SampleSelenium.SampleSelGoogleTest2 -->
